<?xml version="1.0" encoding="UTF-8"?>
<testng-results ignored="0" total="6" passed="6" failed="0" skipped="0">
  <reporter-output>
  </reporter-output>
  <suite started-at="2021-05-22T15:29:04Z" name="shopping_cart" finished-at="2021-05-22T15:29:44Z" duration-ms="40119">
    <groups>
    </groups>
    <test started-at="2021-05-22T15:29:04Z" name="BrowserStack Test - Chrome" finished-at="2021-05-22T15:29:27Z" duration-ms="23137">
      <class name="shopping_cart.BrowserStack">
        <test-method is-config="true" signature="SetUp(java.lang.String, java.lang.String, java.lang.String, java.lang.String)[pri:0, instance:shopping_cart.BrowserStack@33afa13b]" started-at="2021-05-22T15:29:04Z" name="SetUp" finished-at="2021-05-22T15:29:08Z" duration-ms="3884" status="PASS">
          <params>
            <param index="0">
              <value>
                <![CDATA[Chrome]]>
              </value>
            </param>
            <param index="1">
              <value>
                <![CDATA[85.0]]>
              </value>
            </param>
            <param index="2">
              <value>
                <![CDATA[OS X]]>
              </value>
            </param>
            <param index="3">
              <value>
                <![CDATA[Catalina]]>
              </value>
            </param>
          </params>
          <reporter-output>
          </reporter-output>
        </test-method> <!-- SetUp -->
        <test-method signature="Scenario1()[pri:1, instance:shopping_cart.BrowserStack@33afa13b]" started-at="2021-05-22T15:29:08Z" name="Scenario1" finished-at="2021-05-22T15:29:13Z" duration-ms="4626" status="PASS">
          <reporter-output>
          </reporter-output>
        </test-method> <!-- Scenario1 -->
        <test-method is-config="true" signature="TearDown()[pri:0, instance:shopping_cart.BrowserStack@33afa13b]" started-at="2021-05-22T15:29:13Z" name="TearDown" finished-at="2021-05-22T15:29:14Z" duration-ms="1423" status="PASS">
          <reporter-output>
          </reporter-output>
        </test-method> <!-- TearDown -->
        <test-method is-config="true" signature="SetUp(java.lang.String, java.lang.String, java.lang.String, java.lang.String)[pri:0, instance:shopping_cart.BrowserStack@33afa13b]" started-at="2021-05-22T15:29:14Z" name="SetUp" finished-at="2021-05-22T15:29:20Z" duration-ms="5819" status="PASS">
          <params>
            <param index="0">
              <value>
                <![CDATA[Chrome]]>
              </value>
            </param>
            <param index="1">
              <value>
                <![CDATA[85.0]]>
              </value>
            </param>
            <param index="2">
              <value>
                <![CDATA[OS X]]>
              </value>
            </param>
            <param index="3">
              <value>
                <![CDATA[Catalina]]>
              </value>
            </param>
          </params>
          <reporter-output>
          </reporter-output>
        </test-method> <!-- SetUp -->
        <test-method signature="Scenario2()[pri:2, instance:shopping_cart.BrowserStack@33afa13b]" started-at="2021-05-22T15:29:20Z" name="Scenario2" finished-at="2021-05-22T15:29:26Z" duration-ms="5798" status="PASS">
          <reporter-output>
          </reporter-output>
        </test-method> <!-- Scenario2 -->
        <test-method is-config="true" signature="TearDown()[pri:0, instance:shopping_cart.BrowserStack@33afa13b]" started-at="2021-05-22T15:29:26Z" name="TearDown" finished-at="2021-05-22T15:29:27Z" duration-ms="1564" status="PASS">
          <reporter-output>
          </reporter-output>
        </test-method> <!-- TearDown -->
      </class> <!-- shopping_cart.BrowserStack -->
    </test> <!-- BrowserStack Test - Chrome -->
    <test started-at="2021-05-22T15:29:04Z" name="BrowserStack Test - FF" finished-at="2021-05-22T15:29:30Z" duration-ms="25344">
      <class name="shopping_cart.BrowserStack">
        <test-method is-config="true" signature="SetUp(java.lang.String, java.lang.String, java.lang.String, java.lang.String)[pri:0, instance:shopping_cart.BrowserStack@7f1302d6]" started-at="2021-05-22T15:29:04Z" name="SetUp" finished-at="2021-05-22T15:29:13Z" duration-ms="8294" status="PASS">
          <params>
            <param index="0">
              <value>
                <![CDATA[Firefox]]>
              </value>
            </param>
            <param index="1">
              <value>
                <![CDATA[80.0]]>
              </value>
            </param>
            <param index="2">
              <value>
                <![CDATA[Windows]]>
              </value>
            </param>
            <param index="3">
              <value>
                <![CDATA[10]]>
              </value>
            </param>
          </params>
          <reporter-output>
          </reporter-output>
        </test-method> <!-- SetUp -->
        <test-method signature="Scenario1()[pri:1, instance:shopping_cart.BrowserStack@7f1302d6]" started-at="2021-05-22T15:29:13Z" name="Scenario1" finished-at="2021-05-22T15:29:16Z" duration-ms="3386" status="PASS">
          <reporter-output>
          </reporter-output>
        </test-method> <!-- Scenario1 -->
        <test-method is-config="true" signature="TearDown()[pri:0, instance:shopping_cart.BrowserStack@7f1302d6]" started-at="2021-05-22T15:29:16Z" name="TearDown" finished-at="2021-05-22T15:29:17Z" duration-ms="1206" status="PASS">
          <reporter-output>
          </reporter-output>
        </test-method> <!-- TearDown -->
        <test-method is-config="true" signature="SetUp(java.lang.String, java.lang.String, java.lang.String, java.lang.String)[pri:0, instance:shopping_cart.BrowserStack@7f1302d6]" started-at="2021-05-22T15:29:17Z" name="SetUp" finished-at="2021-05-22T15:29:23Z" duration-ms="6153" status="PASS">
          <params>
            <param index="0">
              <value>
                <![CDATA[Firefox]]>
              </value>
            </param>
            <param index="1">
              <value>
                <![CDATA[80.0]]>
              </value>
            </param>
            <param index="2">
              <value>
                <![CDATA[Windows]]>
              </value>
            </param>
            <param index="3">
              <value>
                <![CDATA[10]]>
              </value>
            </param>
          </params>
          <reporter-output>
          </reporter-output>
        </test-method> <!-- SetUp -->
        <test-method signature="Scenario2()[pri:2, instance:shopping_cart.BrowserStack@7f1302d6]" started-at="2021-05-22T15:29:23Z" name="Scenario2" finished-at="2021-05-22T15:29:28Z" duration-ms="4897" status="PASS">
          <reporter-output>
          </reporter-output>
        </test-method> <!-- Scenario2 -->
        <test-method is-config="true" signature="TearDown()[pri:0, instance:shopping_cart.BrowserStack@7f1302d6]" started-at="2021-05-22T15:29:28Z" name="TearDown" finished-at="2021-05-22T15:29:30Z" duration-ms="1387" status="PASS">
          <reporter-output>
          </reporter-output>
        </test-method> <!-- TearDown -->
      </class> <!-- shopping_cart.BrowserStack -->
    </test> <!-- BrowserStack Test - FF -->
    <test started-at="2021-05-22T15:29:04Z" name="BrowserStack Test - Edge" finished-at="2021-05-22T15:29:44Z" duration-ms="40119">
      <class name="shopping_cart.BrowserStack">
        <test-method is-config="true" signature="SetUp(java.lang.String, java.lang.String, java.lang.String, java.lang.String)[pri:0, instance:shopping_cart.BrowserStack@25d250c6]" started-at="2021-05-22T15:29:04Z" name="SetUp" finished-at="2021-05-22T15:29:11Z" duration-ms="6893" status="PASS">
          <params>
            <param index="0">
              <value>
                <![CDATA[edge]]>
              </value>
            </param>
            <param index="1">
              <value>
                <![CDATA[81.0]]>
              </value>
            </param>
            <param index="2">
              <value>
                <![CDATA[Windows]]>
              </value>
            </param>
            <param index="3">
              <value>
                <![CDATA[8.1]]>
              </value>
            </param>
          </params>
          <reporter-output>
          </reporter-output>
        </test-method> <!-- SetUp -->
        <test-method signature="Scenario1()[pri:1, instance:shopping_cart.BrowserStack@25d250c6]" started-at="2021-05-22T15:29:11Z" name="Scenario1" finished-at="2021-05-22T15:29:18Z" duration-ms="6970" status="PASS">
          <reporter-output>
          </reporter-output>
        </test-method> <!-- Scenario1 -->
        <test-method is-config="true" signature="TearDown()[pri:0, instance:shopping_cart.BrowserStack@25d250c6]" started-at="2021-05-22T15:29:18Z" name="TearDown" finished-at="2021-05-22T15:29:19Z" duration-ms="1253" status="PASS">
          <reporter-output>
          </reporter-output>
        </test-method> <!-- TearDown -->
        <test-method is-config="true" signature="SetUp(java.lang.String, java.lang.String, java.lang.String, java.lang.String)[pri:0, instance:shopping_cart.BrowserStack@25d250c6]" started-at="2021-05-22T15:29:19Z" name="SetUp" finished-at="2021-05-22T15:29:26Z" duration-ms="6374" status="PASS">
          <params>
            <param index="0">
              <value>
                <![CDATA[edge]]>
              </value>
            </param>
            <param index="1">
              <value>
                <![CDATA[81.0]]>
              </value>
            </param>
            <param index="2">
              <value>
                <![CDATA[Windows]]>
              </value>
            </param>
            <param index="3">
              <value>
                <![CDATA[8.1]]>
              </value>
            </param>
          </params>
          <reporter-output>
          </reporter-output>
        </test-method> <!-- SetUp -->
        <test-method signature="Scenario2()[pri:2, instance:shopping_cart.BrowserStack@25d250c6]" started-at="2021-05-22T15:29:26Z" name="Scenario2" finished-at="2021-05-22T15:29:43Z" duration-ms="17230" status="PASS">
          <reporter-output>
          </reporter-output>
        </test-method> <!-- Scenario2 -->
        <test-method is-config="true" signature="TearDown()[pri:0, instance:shopping_cart.BrowserStack@25d250c6]" started-at="2021-05-22T15:29:43Z" name="TearDown" finished-at="2021-05-22T15:29:44Z" duration-ms="1377" status="PASS">
          <reporter-output>
          </reporter-output>
        </test-method> <!-- TearDown -->
      </class> <!-- shopping_cart.BrowserStack -->
    </test> <!-- BrowserStack Test - Edge -->
  </suite> <!-- shopping_cart -->
</testng-results>
