<?xml version="1.0" encoding="UTF-8"?>
<testng-results ignored="0" total="6" passed="6" failed="0" skipped="0">
  <reporter-output>
  </reporter-output>
  <suite started-at="2021-05-21T01:50:40Z" name="shopping_cart" finished-at="2021-05-21T01:51:27Z" duration-ms="46093">
    <groups>
    </groups>
    <test started-at="2021-05-21T01:50:40Z" name="BrowserStack Test - Chrome" finished-at="2021-05-21T01:51:01Z" duration-ms="20941">
      <class name="shopping_cart.BrowserStack">
        <test-method is-config="true" signature="SetUp(java.lang.String, java.lang.String, java.lang.String, java.lang.String)[pri:0, instance:shopping_cart.BrowserStack@33afa13b]" started-at="2021-05-21T01:50:41Z" name="SetUp" finished-at="2021-05-21T01:50:45Z" duration-ms="4616" status="PASS">
          <params>
            <param index="0">
              <value>
                <![CDATA[Chrome]]>
              </value>
            </param>
            <param index="1">
              <value>
                <![CDATA[85.0]]>
              </value>
            </param>
            <param index="2">
              <value>
                <![CDATA[OS X]]>
              </value>
            </param>
            <param index="3">
              <value>
                <![CDATA[Catalina]]>
              </value>
            </param>
          </params>
          <reporter-output>
          </reporter-output>
        </test-method> <!-- SetUp -->
        <test-method signature="Scenario1()[pri:1, instance:shopping_cart.BrowserStack@33afa13b]" started-at="2021-05-21T01:50:45Z" name="Scenario1" finished-at="2021-05-21T01:50:50Z" duration-ms="5363" status="PASS">
          <reporter-output>
          </reporter-output>
        </test-method> <!-- Scenario1 -->
        <test-method is-config="true" signature="TearDown()[pri:0, instance:shopping_cart.BrowserStack@33afa13b]" started-at="2021-05-21T01:50:50Z" name="TearDown" finished-at="2021-05-21T01:50:52Z" duration-ms="1411" status="PASS">
          <reporter-output>
          </reporter-output>
        </test-method> <!-- TearDown -->
        <test-method is-config="true" signature="SetUp(java.lang.String, java.lang.String, java.lang.String, java.lang.String)[pri:0, instance:shopping_cart.BrowserStack@33afa13b]" started-at="2021-05-21T01:50:52Z" name="SetUp" finished-at="2021-05-21T01:50:55Z" duration-ms="2876" status="PASS">
          <params>
            <param index="0">
              <value>
                <![CDATA[Chrome]]>
              </value>
            </param>
            <param index="1">
              <value>
                <![CDATA[85.0]]>
              </value>
            </param>
            <param index="2">
              <value>
                <![CDATA[OS X]]>
              </value>
            </param>
            <param index="3">
              <value>
                <![CDATA[Catalina]]>
              </value>
            </param>
          </params>
          <reporter-output>
          </reporter-output>
        </test-method> <!-- SetUp -->
        <test-method signature="Scenario2()[pri:2, instance:shopping_cart.BrowserStack@33afa13b]" started-at="2021-05-21T01:50:55Z" name="Scenario2" finished-at="2021-05-21T01:51:00Z" duration-ms="5075" status="PASS">
          <reporter-output>
          </reporter-output>
        </test-method> <!-- Scenario2 -->
        <test-method is-config="true" signature="TearDown()[pri:0, instance:shopping_cart.BrowserStack@33afa13b]" started-at="2021-05-21T01:51:00Z" name="TearDown" finished-at="2021-05-21T01:51:01Z" duration-ms="1575" status="PASS">
          <reporter-output>
          </reporter-output>
        </test-method> <!-- TearDown -->
      </class> <!-- shopping_cart.BrowserStack -->
    </test> <!-- BrowserStack Test - Chrome -->
    <test started-at="2021-05-21T01:50:40Z" name="BrowserStack Test - FF" finished-at="2021-05-21T01:51:07Z" duration-ms="26631">
      <class name="shopping_cart.BrowserStack">
        <test-method is-config="true" signature="SetUp(java.lang.String, java.lang.String, java.lang.String, java.lang.String)[pri:0, instance:shopping_cart.BrowserStack@7f1302d6]" started-at="2021-05-21T01:50:41Z" name="SetUp" finished-at="2021-05-21T01:50:47Z" duration-ms="6796" status="PASS">
          <params>
            <param index="0">
              <value>
                <![CDATA[Firefox]]>
              </value>
            </param>
            <param index="1">
              <value>
                <![CDATA[80.0]]>
              </value>
            </param>
            <param index="2">
              <value>
                <![CDATA[Windows]]>
              </value>
            </param>
            <param index="3">
              <value>
                <![CDATA[10]]>
              </value>
            </param>
          </params>
          <reporter-output>
          </reporter-output>
        </test-method> <!-- SetUp -->
        <test-method signature="Scenario1()[pri:1, instance:shopping_cart.BrowserStack@7f1302d6]" started-at="2021-05-21T01:50:47Z" name="Scenario1" finished-at="2021-05-21T01:50:51Z" duration-ms="3448" status="PASS">
          <reporter-output>
          </reporter-output>
        </test-method> <!-- Scenario1 -->
        <test-method is-config="true" signature="TearDown()[pri:0, instance:shopping_cart.BrowserStack@7f1302d6]" started-at="2021-05-21T01:50:51Z" name="TearDown" finished-at="2021-05-21T01:50:52Z" duration-ms="1264" status="PASS">
          <reporter-output>
          </reporter-output>
        </test-method> <!-- TearDown -->
        <test-method is-config="true" signature="SetUp(java.lang.String, java.lang.String, java.lang.String, java.lang.String)[pri:0, instance:shopping_cart.BrowserStack@7f1302d6]" started-at="2021-05-21T01:50:52Z" name="SetUp" finished-at="2021-05-21T01:51:01Z" duration-ms="8939" status="PASS">
          <params>
            <param index="0">
              <value>
                <![CDATA[Firefox]]>
              </value>
            </param>
            <param index="1">
              <value>
                <![CDATA[80.0]]>
              </value>
            </param>
            <param index="2">
              <value>
                <![CDATA[Windows]]>
              </value>
            </param>
            <param index="3">
              <value>
                <![CDATA[10]]>
              </value>
            </param>
          </params>
          <reporter-output>
          </reporter-output>
        </test-method> <!-- SetUp -->
        <test-method signature="Scenario2()[pri:2, instance:shopping_cart.BrowserStack@7f1302d6]" started-at="2021-05-21T01:51:01Z" name="Scenario2" finished-at="2021-05-21T01:51:06Z" duration-ms="4783" status="PASS">
          <reporter-output>
          </reporter-output>
        </test-method> <!-- Scenario2 -->
        <test-method is-config="true" signature="TearDown()[pri:0, instance:shopping_cart.BrowserStack@7f1302d6]" started-at="2021-05-21T01:51:06Z" name="TearDown" finished-at="2021-05-21T01:51:07Z" duration-ms="1377" status="PASS">
          <reporter-output>
          </reporter-output>
        </test-method> <!-- TearDown -->
      </class> <!-- shopping_cart.BrowserStack -->
    </test> <!-- BrowserStack Test - FF -->
    <test started-at="2021-05-21T01:50:40Z" name="BrowserStack Test - Edge" finished-at="2021-05-21T01:51:27Z" duration-ms="46093">
      <class name="shopping_cart.BrowserStack">
        <test-method is-config="true" signature="SetUp(java.lang.String, java.lang.String, java.lang.String, java.lang.String)[pri:0, instance:shopping_cart.BrowserStack@25d250c6]" started-at="2021-05-21T01:50:41Z" name="SetUp" finished-at="2021-05-21T01:50:55Z" duration-ms="14844" status="PASS">
          <params>
            <param index="0">
              <value>
                <![CDATA[edge]]>
              </value>
            </param>
            <param index="1">
              <value>
                <![CDATA[81.0]]>
              </value>
            </param>
            <param index="2">
              <value>
                <![CDATA[Windows]]>
              </value>
            </param>
            <param index="3">
              <value>
                <![CDATA[8.1]]>
              </value>
            </param>
          </params>
          <reporter-output>
          </reporter-output>
        </test-method> <!-- SetUp -->
        <test-method signature="Scenario1()[pri:1, instance:shopping_cart.BrowserStack@25d250c6]" started-at="2021-05-21T01:50:55Z" name="Scenario1" finished-at="2021-05-21T01:51:04Z" duration-ms="8542" status="PASS">
          <reporter-output>
          </reporter-output>
        </test-method> <!-- Scenario1 -->
        <test-method is-config="true" signature="TearDown()[pri:0, instance:shopping_cart.BrowserStack@25d250c6]" started-at="2021-05-21T01:51:04Z" name="TearDown" finished-at="2021-05-21T01:51:05Z" duration-ms="1451" status="PASS">
          <reporter-output>
          </reporter-output>
        </test-method> <!-- TearDown -->
        <test-method is-config="true" signature="SetUp(java.lang.String, java.lang.String, java.lang.String, java.lang.String)[pri:0, instance:shopping_cart.BrowserStack@25d250c6]" started-at="2021-05-21T01:51:05Z" name="SetUp" finished-at="2021-05-21T01:51:12Z" duration-ms="6469" status="PASS">
          <params>
            <param index="0">
              <value>
                <![CDATA[edge]]>
              </value>
            </param>
            <param index="1">
              <value>
                <![CDATA[81.0]]>
              </value>
            </param>
            <param index="2">
              <value>
                <![CDATA[Windows]]>
              </value>
            </param>
            <param index="3">
              <value>
                <![CDATA[8.1]]>
              </value>
            </param>
          </params>
          <reporter-output>
          </reporter-output>
        </test-method> <!-- SetUp -->
        <test-method signature="Scenario2()[pri:2, instance:shopping_cart.BrowserStack@25d250c6]" started-at="2021-05-21T01:51:12Z" name="Scenario2" finished-at="2021-05-21T01:51:25Z" duration-ms="13551" status="PASS">
          <reporter-output>
          </reporter-output>
        </test-method> <!-- Scenario2 -->
        <test-method is-config="true" signature="TearDown()[pri:0, instance:shopping_cart.BrowserStack@25d250c6]" started-at="2021-05-21T01:51:25Z" name="TearDown" finished-at="2021-05-21T01:51:27Z" duration-ms="1214" status="PASS">
          <reporter-output>
          </reporter-output>
        </test-method> <!-- TearDown -->
      </class> <!-- shopping_cart.BrowserStack -->
    </test> <!-- BrowserStack Test - Edge -->
  </suite> <!-- shopping_cart -->
</testng-results>
